<?xml version="1.0" encoding="UTF-8"?>
<!-- Generated by org.testng.reporters.JUnitReportReporter -->
<testsuite skipped="0" hostname="LAPTOP-UL6JL91L" name="SampleMaven.MavenDemo.LogintestCase" tests="1" failures="0" timestamp="03 Apr 2019 07:39:37 GMT" time="26.407" errors="0">
  <testcase name="browserSetUp" time="26.407" classname="SampleMaven.MavenDemo.LogintestCase"/>
</testsuite> <!-- SampleMaven.MavenDemo.LogintestCase -->
